<?xml version="1.0" encoding="UTF-8"?>
<testsuite xmlns:xsi="http://www.w3.org/2001/XMLSchema-instance" xsi:noNamespaceSchemaLocation="https://maven.apache.org/surefire/maven-surefire-plugin/xsd/surefire-test-report-3.0.xsd" version="3.0" name="AdventureTest" time="0.144" tests="7" errors="0" skipped="0" failures="0">
  <properties>
    <property name="java.specification.version" value="20"/>
    <property name="sun.cpu.isalist" value="amd64"/>
    <property name="sun.jnu.encoding" value="Cp1252"/>
    <property name="java.class.path" value="C:\Users\micha\SE1\Project\Initial Code Test\target\test-classes;C:\Users\micha\SE1\Project\Initial Code Test\target\classes;C:\Users\micha\.m2\repository\junit\junit\4.12\junit-4.12.jar;C:\Users\micha\.m2\repository\org\hamcrest\hamcrest-core\1.3\hamcrest-core-1.3.jar;"/>
    <property name="java.vm.vendor" value="Oracle Corporation"/>
    <property name="sun.arch.data.model" value="64"/>
    <property name="user.variant" value=""/>
    <property name="java.vendor.url" value="https://java.oracle.com/"/>
    <property name="user.timezone" value="America/Chicago"/>
    <property name="os.name" value="Windows 11"/>
    <property name="java.vm.specification.version" value="20"/>
    <property name="sun.java.launcher" value="SUN_STANDARD"/>
    <property name="user.country" value="US"/>
    <property name="sun.boot.library.path" value="C:\Program Files\Java\jdk-20\bin"/>
    <property name="sun.java.command" value="C:\Users\micha\AppData\Local\Temp\surefire10049589690630182946\surefirebooter-20241002144851519_3.jar C:\Users\micha\AppData\Local\Temp\surefire10049589690630182946 2024-10-02T14-48-51_187-jvmRun1 surefire-20241002144851519_1tmp surefire_0-20241002144851519_2tmp"/>
    <property name="jdk.debug" value="release"/>
    <property name="surefire.test.class.path" value="C:\Users\micha\SE1\Project\Initial Code Test\target\test-classes;C:\Users\micha\SE1\Project\Initial Code Test\target\classes;C:\Users\micha\.m2\repository\junit\junit\4.12\junit-4.12.jar;C:\Users\micha\.m2\repository\org\hamcrest\hamcrest-core\1.3\hamcrest-core-1.3.jar;"/>
    <property name="sun.cpu.endian" value="little"/>
    <property name="user.home" value="C:\Users\micha"/>
    <property name="user.language" value="en"/>
    <property name="java.specification.vendor" value="Oracle Corporation"/>
    <property name="java.version.date" value="2023-07-18"/>
    <property name="java.home" value="C:\Program Files\Java\jdk-20"/>
    <property name="file.separator" value="\"/>
    <property name="basedir" value="C:\Users\micha\SE1\Project\Initial Code Test"/>
    <property name="java.vm.compressedOopsMode" value="Zero based"/>
    <property name="line.separator" value="&#10;"/>
    <property name="java.vm.specification.vendor" value="Oracle Corporation"/>
    <property name="java.specification.name" value="Java Platform API Specification"/>
    <property name="surefire.real.class.path" value="C:\Users\micha\AppData\Local\Temp\surefire10049589690630182946\surefirebooter-20241002144851519_3.jar"/>
    <property name="user.script" value=""/>
    <property name="sun.management.compiler" value="HotSpot 64-Bit Tiered Compilers"/>
    <property name="java.runtime.version" value="20.0.2+9-78"/>
    <property name="user.name" value="Michael"/>
    <property name="stdout.encoding" value="Cp1252"/>
    <property name="path.separator" value=";"/>
    <property name="os.version" value="10.0"/>
    <property name="java.runtime.name" value="Java(TM) SE Runtime Environment"/>
    <property name="file.encoding" value="UTF-8"/>
    <property name="java.vm.name" value="Java HotSpot(TM) 64-Bit Server VM"/>
    <property name="localRepository" value="C:\Users\micha\.m2\repository"/>
    <property name="java.vendor.url.bug" value="https://bugreport.java.com/bugreport/"/>
    <property name="java.io.tmpdir" value="C:\Users\micha\AppData\Local\Temp\"/>
    <property name="java.version" value="20.0.2"/>
    <property name="user.dir" value="C:\Users\micha\SE1\Project\Initial Code Test"/>
    <property name="os.arch" value="amd64"/>
    <property name="java.vm.specification.name" value="Java Virtual Machine Specification"/>
    <property name="sun.os.patch.level" value=""/>
    <property name="native.encoding" value="Cp1252"/>
    <property name="java.library.path" value="C:\Program Files\Java\jdk-20\bin;C:\WINDOWS\Sun\Java\bin;C:\WINDOWS\system32;C:\WINDOWS;C:\Program Files\Common Files\Oracle\Java\javapath;C:\windows\system32;C:\windows;C:\windows\System32\Wbem;C:\windows\System32\WindowsPowerShell\v1.0\;C:\windows\System32\OpenSSH\;C:\Program Files (x86)\NVIDIA Corporation\PhysX\Common;C:\Program Files\NVIDIA Corporation\NVIDIA NvDLISR;C:\WINDOWS\system32;C:\WINDOWS;C:\WINDOWS\System32\Wbem;C:\WINDOWS\System32\WindowsPowerShell\v1.0\;C:\WINDOWS\System32\OpenSSH\;C:\Program Files\dotnet\;C:\Program Files\HP\HP One Agent;C:\Users\micha\PHP\php8;C:\Users\micha\apache-maven-3.9.9\bin;C:\Program Files\Git\cmd;C:\Program Files\Git\mingw64\bin;C:\Program Files\Git\usr\bin;C:\Users\micha\AppData\Local\Packages\PythonSoftwareFoundation.Python.3.11_qbz5n2kfra8p0\LocalCache\local-packages\Python311\Scripts;C:\Program Files\swipl\bin;C:\MinGW\bin;C:\Users\micha\AppData\Local\Microsoft\WindowsApps;C:\Users\micha\AppData\Local\GitHubDesktop\bin;C:\Users\micha\.dotnet\tools;C:\Users\micha\AppData\Local\Programs\Microsoft VS Code\bin;C:\Users\micha\AppData\Local\Packages\PythonSoftwareFoundation.Python.3.11_qbz5n2kfra8p0\LocalCache\local-packages\Python311\Scripts;;."/>
    <property name="java.vm.info" value="mixed mode, sharing"/>
    <property name="stderr.encoding" value="Cp1252"/>
    <property name="java.vendor" value="Oracle Corporation"/>
    <property name="java.vm.version" value="20.0.2+9-78"/>
    <property name="sun.io.unicode.encoding" value="UnicodeLittle"/>
    <property name="java.class.version" value="64.0"/>
  </properties>
  <testcase name="testJourneyProgress" classname="AdventureTest" time="0.039">
    <system-out><![CDATA[
You continue your journey...
You encountered a peaceful meadow. You feel rejuvenated.
You gained 10 HP.
Journey Progress: 1 miles.
Your current health is: 100 HP.
Journey progress increased to: 1
]]></system-out>
  </testcase>
  <testcase name="testHealingNotExceedingMax" classname="AdventureTest" time="0.002">
    <system-out><![CDATA[You lost 10 HP.
You gained 20 HP.
Healing should not exceed 100 HP, and it's currently: 100 HP.
]]></system-out>
  </testcase>
  <testcase name="testNoHealthBelowZero" classname="AdventureTest" time="0.005">
    <system-out><![CDATA[You lost 150 HP.
You have no health left! Game over.
Health should not go below 0, and it's currently: 0 HP.
]]></system-out>
  </testcase>
  <testcase name="testBankruptcy" classname="AdventureTest" time="0.001">
    <system-out><![CDATA[You've gone bankrupt. Your life level is now 0.
After declaring bankruptcy, health is 0 HP.
]]></system-out>
  </testcase>
  <testcase name="testHealthAfterDamage" classname="AdventureTest" time="0.002">
    <system-out><![CDATA[You lost 30 HP.
After taking damage, health is 70 HP.
]]></system-out>
  </testcase>
  <testcase name="testHealthAfterHealing" classname="AdventureTest" time="0.003">
    <system-out><![CDATA[You lost 50 HP.
You gained 20 HP.
After healing, health is 70 HP.
]]></system-out>
  </testcase>
  <testcase name="testInitialHealth" classname="AdventureTest" time="0.001">
    <system-out><![CDATA[Initial health is 100 HP.
]]></system-out>
  </testcase>
</testsuite>